<?xml version="1.0" encoding="UTF-8"?>
<testsuite xmlns:xsi="http://www.w3.org/2001/XMLSchema-instance" xsi:noNamespaceSchemaLocation="https://maven.apache.org/surefire/maven-surefire-plugin/xsd/surefire-test-report.xsd" name="TestSuite" time="125.451" tests="33" errors="0" skipped="0" failures="1">
  <properties>
[...]
</properties>
  <testcase name="Firefox" classname="gov.nih.nlm.lode.tests.BasicsTest" time="20.631">
    <failure message="one or more bad links, last bad link https://www.nlm.nih.gov/mesh/" type="java.lang.AssertionError">java.lang.AssertionError: one or more bad links, last bad link https://www.nlm.nih.gov/mesh/
	at gov.nih.nlm.lode.tests.BasicsTest.testExplorerPage(BasicsTest.java:37)
</failure>
    <system-err><![CDATA[SLF4J: Failed to load class "org.slf4j.impl.StaticLoggerBinder".
SLF4J: Defaulting to no-operation (NOP) logger implementation
SLF4J: See http://www.slf4j.org/codes.html#StaticLoggerBinder for further details.
1553024205666	mozrunner::runner	INFO	Running command: "C:\\Program Files (x86)\\Mozilla Firefox\\firefox.exe" "-marionette" "-foreground" "-no-remote" "-profile" "C:\\Users\\davisda4\\AppData\\Local\\Temp\\rust_mozprofile.Uqk76l6RdiYy"
1553024206284	addons.webextension.screenshots@mozilla.org	WARN	Loading extension 'screenshots@mozilla.org': Reading manifest: Invalid host permission: resource://pdf.js/
1553024206284	addons.webextension.screenshots@mozilla.org	WARN	Loading extension 'screenshots@mozilla.org': Reading manifest: Invalid host permission: about:reader*
1553024208299	Marionette	INFO	Listening on port 56995
Mar 19, 2019 3:36:48 PM org.openqa.selenium.remote.ProtocolHandshake createSession
INFO: Detected dialect: W3C
]]></system-err>
  </testcase>
  <testcase name="Firefox" classname="gov.nih.nlm.lode.tests.BasicsTest" time="2.441"/>
  <testcase name="Firefox" classname="gov.nih.nlm.lode.tests.BasicsTest" time="1.193"/>
  <testcase name="Firefox" classname="gov.nih.nlm.lode.tests.BasicsTest" time="0.031"/>
  <testcase name="Firefox" classname="gov.nih.nlm.lode.tests.BasicsTest" time="0.047"/>
  <testcase name="Firefox" classname="gov.nih.nlm.lode.tests.BasicsTest" time="0.032"/>
  <testcase name="Firefox" classname="gov.nih.nlm.lode.tests.BasicsTest" time="0.063"/>
  <testcase name="Firefox" classname="gov.nih.nlm.lode.tests.BasicsTest" time="0.032"/>
  <testcase name="Firefox" classname="gov.nih.nlm.lode.tests.PagelinksTest" time="7.788"/>
  <testcase name="Firefox" classname="gov.nih.nlm.lode.tests.PagelinksTest" time="4.738"/>
  <testcase name="Firefox" classname="gov.nih.nlm.lode.tests.PagelinksTest" time="2.281"/>
  <testcase name="Firefox" classname="gov.nih.nlm.lode.tests.PagelinksTest" time="0.328"/>
  <testcase name="Firefox" classname="gov.nih.nlm.lode.tests.PagelinksTest" time="15.375"/>
  <testcase name="Firefox" classname="gov.nih.nlm.lode.tests.PagelinksTest" time="0.43"/>
  <testcase name="Firefox" classname="gov.nih.nlm.lode.tests.PagelinksTest" time="2.341"/>
  <testcase name="Firefox" classname="gov.nih.nlm.lode.tests.QueryTest" time="4.019"/>
  <testcase name="Firefox" classname="gov.nih.nlm.lode.tests.QueryTest" time="3.166"/>
  <testcase name="Firefox" classname="gov.nih.nlm.lode.tests.QueryTest" time="4.732"/>
  <testcase name="Firefox" classname="gov.nih.nlm.lode.tests.QueryTest" time="2.061"/>
  <testcase name="Firefox" classname="gov.nih.nlm.lode.tests.QueryTest" time="7.725"/>
  <testcase name="Firefox" classname="gov.nih.nlm.lode.tests.QueryTest" time="11.166"/>
  <testcase name="Firefox" classname="gov.nih.nlm.lode.tests.QueryTest" time="3.892"/>
  <testcase name="Firefox" classname="gov.nih.nlm.lode.tests.QueryTest" time="10.288"/>
  <testcase name="(gov.nih.nlm.lode.tests.LinkCheckerTest)" classname="gov.nih.nlm.lode.tests.LinkCheckerTest" time="0.062"/>
  <testcase name="(gov.nih.nlm.lode.tests.LinkCheckerTest)" classname="gov.nih.nlm.lode.tests.LinkCheckerTest" time="0.032"/>
  <testcase name="(gov.nih.nlm.lode.tests.LinkCheckerTest)" classname="gov.nih.nlm.lode.tests.LinkCheckerTest" time="0.015"/>
  <testcase name="(gov.nih.nlm.lode.tests.LinkCheckerTest)" classname="gov.nih.nlm.lode.tests.LinkCheckerTest" time="0.032"/>
  <testcase name="(gov.nih.nlm.lode.tests.LinkCheckerTest)" classname="gov.nih.nlm.lode.tests.LinkCheckerTest" time="0.093"/>
  <testcase name="(gov.nih.nlm.lode.tests.LinkCheckerTest)" classname="gov.nih.nlm.lode.tests.LinkCheckerTest" time="0"/>
  <testcase name="Firefox" classname="gov.nih.nlm.lode.tests.ServiceDescriptionTest" time="0.297"/>
  <testcase name="Firefox" classname="gov.nih.nlm.lode.tests.ServiceDescriptionTest" time="0.297"/>
  <testcase name="Firefox" classname="gov.nih.nlm.lode.tests.ServiceDescriptionTest" time="0.062"/>
  <testcase name="Firefox" classname="gov.nih.nlm.lode.tests.ServiceDescriptionTest" time="0.031"/>
</testsuite>