<?xml version="1.0" encoding="UTF-8"?>
<testng-results total="33" passed="32" failed="1" skipped="0">
  <reporter-output>
    <line>
      <![CDATA[<b>warning:</b> cannot check ftp://ftp.nlm.nih.gov/online/mesh/rdf/<br>]]>
    </line>
    <line>
      <![CDATA[https://www.nlm.nih.gov/mesh/: IOException Read timed out<br>]]>
    </line>
    <line>
      <![CDATA[<a href='../failed-screenshots/error Firefox gov.nih.nlm.lode.tests.BasicsTest.testExplorerPage 2019-03-19 15-37-09.png'>Open the screenshot</a>]]>
    </line>
    <line>
      <![CDATA[<b>warning:</b> cannot check ftp://ftp.nlm.nih.gov/online/mesh/rdf/<br>]]>
    </line>
    <line>
      <![CDATA[<b>warning:</b> cannot check ftp://ftp.nlm.nih.gov/online/mesh/rdf/<br>]]>
    </line>
    <line>
      <![CDATA[<b>warning:</b> cannot check ftp://ftp.nlm.nih.gov/online/mesh/rdf/<br>]]>
    </line>
    <line>
      <![CDATA[<b>warning:</b> cannot check ftp://ftp.nlm.nih.gov/online/mesh/rdf/mesh.nt.gz<br>]]>
    </line>
    <line>
      <![CDATA[<b>warning:</b> cannot check ftp://ftp.nlm.nih.gov/online/mesh/rdf/mesh.nt.gz<br>]]>
    </line>
    <line>
      <![CDATA[<b>warning:</b> cannot check ftp://ftp.nlm.nih.gov/online/mesh/rdf/<br>]]>
    </line>
    <line>
      <![CDATA[http://www.nlm.nih.gov/google11111111.html: status code 404, not successful<br>]]>
    </line>
    <line>
      <![CDATA[<b>warning:</b> cannot check ftp://ftp.nlm.nih.gov/online/mesh<br>]]>
    </line>
  </reporter-output>
  <suite started-at="2019-03-19T19:36:44Z" name="Surefire suite" finished-at="2019-03-19T19:38:49Z" duration-ms="124789">
    <groups>
      <group name="basics">
        <method signature="BasicsTest.testExplorerPage()[pri:0, instance:gov.nih.nlm.lode.tests.BasicsTest@7dcf94f8]" name="testExplorerPage" class="gov.nih.nlm.lode.tests.BasicsTest"/>
        <method signature="BasicsTest.testHomePage()[pri:0, instance:gov.nih.nlm.lode.tests.BasicsTest@7dcf94f8]" name="testHomePage" class="gov.nih.nlm.lode.tests.BasicsTest"/>
        <method signature="BasicsTest.testQueryPage()[pri:0, instance:gov.nih.nlm.lode.tests.BasicsTest@7dcf94f8]" name="testQueryPage" class="gov.nih.nlm.lode.tests.BasicsTest"/>
        <method signature="BasicsTest.testVocabularyOwl()[pri:0, instance:gov.nih.nlm.lode.tests.BasicsTest@7dcf94f8]" name="testVocabularyOwl" class="gov.nih.nlm.lode.tests.BasicsTest"/>
        <method signature="BasicsTest.testVocabularyRedirect()[pri:0, instance:gov.nih.nlm.lode.tests.BasicsTest@7dcf94f8]" name="testVocabularyRedirect" class="gov.nih.nlm.lode.tests.BasicsTest"/>
        <method signature="BasicsTest.testVocabularyTurtle()[pri:0, instance:gov.nih.nlm.lode.tests.BasicsTest@7dcf94f8]" name="testVocabularyTurtle" class="gov.nih.nlm.lode.tests.BasicsTest"/>
        <method signature="BasicsTest.testVoidRedirect()[pri:0, instance:gov.nih.nlm.lode.tests.BasicsTest@7dcf94f8]" name="testVoidRedirect" class="gov.nih.nlm.lode.tests.BasicsTest"/>
        <method signature="BasicsTest.testVoidTurtle()[pri:0, instance:gov.nih.nlm.lode.tests.BasicsTest@7dcf94f8]" name="testVoidTurtle" class="gov.nih.nlm.lode.tests.BasicsTest"/>
      </group> <!-- basics -->
      <group name="query">
        <method signature="QueryTest.testDefaults()[pri:0, instance:gov.nih.nlm.lode.tests.QueryTest@ba2f4ec]" name="testDefaults" class="gov.nih.nlm.lode.tests.QueryTest"/>
        <method signature="QueryTest.testExample0()[pri:0, instance:gov.nih.nlm.lode.tests.QueryTest@ba2f4ec]" name="testExample0" class="gov.nih.nlm.lode.tests.QueryTest"/>
        <method signature="QueryTest.testExample1()[pri:0, instance:gov.nih.nlm.lode.tests.QueryTest@ba2f4ec]" name="testExample1" class="gov.nih.nlm.lode.tests.QueryTest"/>
        <method signature="QueryTest.testExample2()[pri:0, instance:gov.nih.nlm.lode.tests.QueryTest@ba2f4ec]" name="testExample2" class="gov.nih.nlm.lode.tests.QueryTest"/>
        <method signature="QueryTest.testExample3withPastYear()[pri:0, instance:gov.nih.nlm.lode.tests.QueryTest@ba2f4ec]" name="testExample3withPastYear" class="gov.nih.nlm.lode.tests.QueryTest"/>
        <method signature="QueryTest.testExample4()[pri:0, instance:gov.nih.nlm.lode.tests.QueryTest@ba2f4ec]" name="testExample4" class="gov.nih.nlm.lode.tests.QueryTest"/>
        <method signature="QueryTest.testLimitRows()[pri:0, instance:gov.nih.nlm.lode.tests.QueryTest@ba2f4ec]" name="testLimitRows" class="gov.nih.nlm.lode.tests.QueryTest"/>
        <method signature="QueryTest.testPagination()[pri:0, instance:gov.nih.nlm.lode.tests.QueryTest@ba2f4ec]" name="testPagination" class="gov.nih.nlm.lode.tests.QueryTest"/>
      </group> <!-- query -->
      <group name="pagelinks">
        <method signature="PagelinksTest.testExplorer2015LodestarLinks()[pri:0, instance:gov.nih.nlm.lode.tests.PagelinksTest@49438269]" name="testExplorer2015LodestarLinks" class="gov.nih.nlm.lode.tests.PagelinksTest"/>
        <method signature="PagelinksTest.testExplorerLodestarLinks()[pri:0, instance:gov.nih.nlm.lode.tests.PagelinksTest@49438269]" name="testExplorerLodestarLinks" class="gov.nih.nlm.lode.tests.PagelinksTest"/>
        <method signature="PagelinksTest.testExplorerScriptTags()[pri:0, instance:gov.nih.nlm.lode.tests.PagelinksTest@49438269]" name="testExplorerScriptTags" class="gov.nih.nlm.lode.tests.PagelinksTest"/>
        <method signature="PagelinksTest.testExplorerlinkTags()[pri:0, instance:gov.nih.nlm.lode.tests.PagelinksTest@49438269]" name="testExplorerlinkTags" class="gov.nih.nlm.lode.tests.PagelinksTest"/>
        <method signature="PagelinksTest.testHomeBodyLinks()[pri:0, instance:gov.nih.nlm.lode.tests.PagelinksTest@49438269]" name="testHomeBodyLinks" class="gov.nih.nlm.lode.tests.PagelinksTest"/>
        <method signature="PagelinksTest.testHomeLinkTags()[pri:0, instance:gov.nih.nlm.lode.tests.PagelinksTest@49438269]" name="testHomeLinkTags" class="gov.nih.nlm.lode.tests.PagelinksTest"/>
        <method signature="PagelinksTest.testHomeScriptTags()[pri:0, instance:gov.nih.nlm.lode.tests.PagelinksTest@49438269]" name="testHomeScriptTags" class="gov.nih.nlm.lode.tests.PagelinksTest"/>
      </group> <!-- pagelinks -->
      <group name="linkcheck">
        <method signature="LinkCheckerTest.testBadLink()[pri:0, instance:gov.nih.nlm.lode.tests.LinkCheckerTest@55fe41ea]" name="testBadLink" class="gov.nih.nlm.lode.tests.LinkCheckerTest"/>
        <method signature="LinkCheckerTest.testBasicAbsURL()[pri:0, instance:gov.nih.nlm.lode.tests.LinkCheckerTest@55fe41ea]" name="testBasicAbsURL" class="gov.nih.nlm.lode.tests.LinkCheckerTest"/>
        <method signature="LinkCheckerTest.testBasicLinkCheckerContext()[pri:0, instance:gov.nih.nlm.lode.tests.LinkCheckerTest@55fe41ea]" name="testBasicLinkCheckerContext" class="gov.nih.nlm.lode.tests.LinkCheckerTest"/>
        <method signature="LinkCheckerTest.testBasicURLWithContext()[pri:0, instance:gov.nih.nlm.lode.tests.LinkCheckerTest@55fe41ea]" name="testBasicURLWithContext" class="gov.nih.nlm.lode.tests.LinkCheckerTest"/>
        <method signature="LinkCheckerTest.testMultipleLinks()[pri:0, instance:gov.nih.nlm.lode.tests.LinkCheckerTest@55fe41ea]" name="testMultipleLinks" class="gov.nih.nlm.lode.tests.LinkCheckerTest"/>
        <method signature="LinkCheckerTest.testSkipsFtpLinks()[pri:0, instance:gov.nih.nlm.lode.tests.LinkCheckerTest@55fe41ea]" name="testSkipsFtpLinks" class="gov.nih.nlm.lode.tests.LinkCheckerTest"/>
      </group> <!-- linkcheck -->
    </groups>
    <test started-at="2019-03-19T19:36:44Z" name="Surefire test" finished-at="2019-03-19T19:38:49Z" duration-ms="124789">
      <class name="gov.nih.nlm.lode.tests.LinkCheckerTest">
        <test-method signature="testBadLink()[pri:0, instance:gov.nih.nlm.lode.tests.LinkCheckerTest@55fe41ea]" started-at="2019-03-19T15:38:00Z" name="testBadLink" test-instance-name="" finished-at="2019-03-19T15:38:00Z" duration-ms="62" status="PASS">
          <reporter-output>
            <line>
              <![CDATA[http://www.nlm.nih.gov/google11111111.html: status code 404, not successful<br>]]>
            </line>
          </reporter-output>
        </test-method> <!-- testBadLink -->
        <test-method signature="testBasicAbsURL()[pri:0, instance:gov.nih.nlm.lode.tests.LinkCheckerTest@55fe41ea]" started-at="2019-03-19T15:38:00Z" name="testBasicAbsURL" test-instance-name="" finished-at="2019-03-19T15:38:00Z" duration-ms="32" status="PASS">
          <reporter-output>
          </reporter-output>
        </test-method> <!-- testBasicAbsURL -->
        <test-method signature="testBasicLinkCheckerContext()[pri:0, instance:gov.nih.nlm.lode.tests.LinkCheckerTest@55fe41ea]" started-at="2019-03-19T15:38:00Z" name="testBasicLinkCheckerContext" test-instance-name="" finished-at="2019-03-19T15:38:00Z" duration-ms="15" status="PASS">
          <reporter-output>
          </reporter-output>
        </test-method> <!-- testBasicLinkCheckerContext -->
        <test-method signature="testBasicURLWithContext()[pri:0, instance:gov.nih.nlm.lode.tests.LinkCheckerTest@55fe41ea]" started-at="2019-03-19T15:38:00Z" name="testBasicURLWithContext" test-instance-name="" finished-at="2019-03-19T15:38:00Z" duration-ms="32" status="PASS">
          <reporter-output>
          </reporter-output>
        </test-method> <!-- testBasicURLWithContext -->
        <test-method signature="testMultipleLinks()[pri:0, instance:gov.nih.nlm.lode.tests.LinkCheckerTest@55fe41ea]" started-at="2019-03-19T15:38:00Z" name="testMultipleLinks" test-instance-name="" finished-at="2019-03-19T15:38:00Z" duration-ms="93" status="PASS">
          <reporter-output>
          </reporter-output>
        </test-method> <!-- testMultipleLinks -->
        <test-method signature="testSkipsFtpLinks()[pri:0, instance:gov.nih.nlm.lode.tests.LinkCheckerTest@55fe41ea]" started-at="2019-03-19T15:38:00Z" name="testSkipsFtpLinks" test-instance-name="" finished-at="2019-03-19T15:38:00Z" duration-ms="0" status="PASS">
          <reporter-output>
            <line>
              <![CDATA[<b>warning:</b> cannot check ftp://ftp.nlm.nih.gov/online/mesh<br>]]>
            </line>
          </reporter-output>
        </test-method> <!-- testSkipsFtpLinks -->
      </class> <!-- gov.nih.nlm.lode.tests.LinkCheckerTest -->
      <class name="gov.nih.nlm.lode.tests.PagelinksTest">
        <test-method is-config="true" signature="setUp()[pri:0, instance:gov.nih.nlm.lode.tests.PagelinksTest@49438269]" started-at="2019-03-19T15:37:14Z" name="setUp" test-instance-name="Firefox" finished-at="2019-03-19T15:37:17Z" duration-ms="2968" status="PASS">
          <reporter-output>
          </reporter-output>
        </test-method> <!-- setUp -->
        <test-method signature="testExplorer2015LodestarLinks()[pri:0, instance:gov.nih.nlm.lode.tests.PagelinksTest@49438269]" started-at="2019-03-19T15:37:17Z" name="testExplorer2015LodestarLinks" test-instance-name="Firefox" finished-at="2019-03-19T15:37:25Z" duration-ms="7788" status="PASS">
          <reporter-output>
          </reporter-output>
        </test-method> <!-- testExplorer2015LodestarLinks -->
        <test-method signature="testExplorerLodestarLinks()[pri:0, instance:gov.nih.nlm.lode.tests.PagelinksTest@49438269]" started-at="2019-03-19T15:37:25Z" name="testExplorerLodestarLinks" test-instance-name="Firefox" finished-at="2019-03-19T15:37:30Z" duration-ms="4723" status="PASS">
          <reporter-output>
          </reporter-output>
        </test-method> <!-- testExplorerLodestarLinks -->
        <test-method signature="testExplorerScriptTags()[pri:0, instance:gov.nih.nlm.lode.tests.PagelinksTest@49438269]" started-at="2019-03-19T15:37:30Z" name="testExplorerScriptTags" test-instance-name="Firefox" finished-at="2019-03-19T15:37:32Z" duration-ms="2281" status="PASS">
          <reporter-output>
          </reporter-output>
        </test-method> <!-- testExplorerScriptTags -->
        <test-method signature="testExplorerlinkTags()[pri:0, instance:gov.nih.nlm.lode.tests.PagelinksTest@49438269]" started-at="2019-03-19T15:37:32Z" name="testExplorerlinkTags" test-instance-name="Firefox" finished-at="2019-03-19T15:37:32Z" duration-ms="328" status="PASS">
          <reporter-output>
          </reporter-output>
        </test-method> <!-- testExplorerlinkTags -->
        <test-method signature="testHomeBodyLinks()[pri:0, instance:gov.nih.nlm.lode.tests.PagelinksTest@49438269]" started-at="2019-03-19T15:37:32Z" name="testHomeBodyLinks" test-instance-name="Firefox" finished-at="2019-03-19T15:37:48Z" duration-ms="15376" status="PASS">
          <reporter-output>
            <line>
              <![CDATA[<b>warning:</b> cannot check ftp://ftp.nlm.nih.gov/online/mesh/rdf/<br>]]>
            </line>
            <line>
              <![CDATA[<b>warning:</b> cannot check ftp://ftp.nlm.nih.gov/online/mesh/rdf/mesh.nt.gz<br>]]>
            </line>
            <line>
              <![CDATA[<b>warning:</b> cannot check ftp://ftp.nlm.nih.gov/online/mesh/rdf/mesh.nt.gz<br>]]>
            </line>
            <line>
              <![CDATA[<b>warning:</b> cannot check ftp://ftp.nlm.nih.gov/online/mesh/rdf/<br>]]>
            </line>
          </reporter-output>
        </test-method> <!-- testHomeBodyLinks -->
        <test-method signature="testHomeLinkTags()[pri:0, instance:gov.nih.nlm.lode.tests.PagelinksTest@49438269]" started-at="2019-03-19T15:37:48Z" name="testHomeLinkTags" test-instance-name="Firefox" finished-at="2019-03-19T15:37:48Z" duration-ms="428" status="PASS">
          <reporter-output>
          </reporter-output>
        </test-method> <!-- testHomeLinkTags -->
        <test-method signature="testHomeScriptTags()[pri:0, instance:gov.nih.nlm.lode.tests.PagelinksTest@49438269]" started-at="2019-03-19T15:37:48Z" name="testHomeScriptTags" test-instance-name="Firefox" finished-at="2019-03-19T15:37:51Z" duration-ms="2332" status="PASS">
          <reporter-output>
          </reporter-output>
        </test-method> <!-- testHomeScriptTags -->
        <test-method is-config="true" signature="tearDown()[pri:0, instance:gov.nih.nlm.lode.tests.PagelinksTest@49438269]" started-at="2019-03-19T15:37:51Z" name="tearDown" test-instance-name="Firefox" finished-at="2019-03-19T15:37:52Z" duration-ms="1487" status="PASS">
          <reporter-output>
          </reporter-output>
        </test-method> <!-- tearDown -->
      </class> <!-- gov.nih.nlm.lode.tests.PagelinksTest -->
      <class name="gov.nih.nlm.lode.tests.BasicsTest">
        <test-method is-config="true" signature="setUp()[pri:0, instance:gov.nih.nlm.lode.tests.BasicsTest@7dcf94f8]" started-at="2019-03-19T15:36:44Z" name="setUp" test-instance-name="Firefox" finished-at="2019-03-19T15:36:48Z" duration-ms="4017" status="PASS">
          <reporter-output>
          </reporter-output>
        </test-method> <!-- setUp -->
        <test-method signature="testExplorerPage()[pri:0, instance:gov.nih.nlm.lode.tests.BasicsTest@7dcf94f8]" started-at="2019-03-19T15:36:48Z" name="testExplorerPage" test-instance-name="Firefox" finished-at="2019-03-19T15:37:09Z" duration-ms="20584" status="FAIL">
          <exception class="java.lang.AssertionError">
            <message>
              <![CDATA[one or more bad links, last bad link https://www.nlm.nih.gov/mesh/]]>
            </message>
            <full-stacktrace>
              <![CDATA[java.lang.AssertionError: one or more bad links, last bad link https://www.nlm.nih.gov/mesh/
	at org.testng.Assert.fail(Assert.java:94)
	at gov.nih.nlm.lode.tests.LinkChecker.shouldBeValid(LinkChecker.java:256)
	at gov.nih.nlm.lode.tests.LodeBaseTest.shouldBeValidLinks(LodeBaseTest.java:97)
	at gov.nih.nlm.lode.tests.BasicsTest.testExplorerPage(BasicsTest.java:37)
	at java.base/jdk.internal.reflect.NativeMethodAccessorImpl.invoke0(Native Method)
	at java.base/jdk.internal.reflect.NativeMethodAccessorImpl.invoke(NativeMethodAccessorImpl.java:62)
	at java.base/jdk.internal.reflect.DelegatingMethodAccessorImpl.invoke(DelegatingMethodAccessorImpl.java:43)
	at java.base/java.lang.reflect.Method.invoke(Method.java:566)
	at org.testng.internal.MethodInvocationHelper.invokeMethod(MethodInvocationHelper.java:86)
	at org.testng.internal.Invoker.invokeMethod(Invoker.java:643)
	at org.testng.internal.Invoker.invokeTestMethod(Invoker.java:820)
	at org.testng.internal.Invoker.invokeTestMethods(Invoker.java:1128)
	at org.testng.internal.TestMethodWorker.invokeTestMethods(TestMethodWorker.java:129)
	at org.testng.internal.TestMethodWorker.run(TestMethodWorker.java:112)
	at org.testng.TestRunner.privateRun(TestRunner.java:782)
	at org.testng.TestRunner.run(TestRunner.java:632)
	at org.testng.SuiteRunner.runTest(SuiteRunner.java:366)
	at org.testng.SuiteRunner.runSequentially(SuiteRunner.java:361)
	at org.testng.SuiteRunner.privateRun(SuiteRunner.java:319)
	at org.testng.SuiteRunner.run(SuiteRunner.java:268)
	at org.testng.SuiteRunnerWorker.runSuite(SuiteRunnerWorker.java:52)
	at org.testng.SuiteRunnerWorker.run(SuiteRunnerWorker.java:86)
	at org.testng.TestNG.runSuitesSequentially(TestNG.java:1244)
	at org.testng.TestNG.runSuitesLocally(TestNG.java:1169)
	at org.testng.TestNG.run(TestNG.java:1064)
	at org.apache.maven.surefire.testng.TestNGExecutor.run(TestNGExecutor.java:135)
	at org.apache.maven.surefire.testng.TestNGDirectoryTestSuite.executeMulti(TestNGDirectoryTestSuite.java:193)
	at org.apache.maven.surefire.testng.TestNGDirectoryTestSuite.execute(TestNGDirectoryTestSuite.java:94)
	at org.apache.maven.surefire.testng.TestNGProvider.invoke(TestNGProvider.java:146)
	at org.apache.maven.surefire.booter.ForkedBooter.invokeProviderInSameClassLoader(ForkedBooter.java:384)
	at org.apache.maven.surefire.booter.ForkedBooter.runSuitesInProcess(ForkedBooter.java:345)
	at org.apache.maven.surefire.booter.ForkedBooter.execute(ForkedBooter.java:126)
	at org.apache.maven.surefire.booter.ForkedBooter.main(ForkedBooter.java:418)
]]>
            </full-stacktrace>
          </exception> <!-- java.lang.AssertionError -->
          <reporter-output>
            <line>
              <![CDATA[<b>warning:</b> cannot check ftp://ftp.nlm.nih.gov/online/mesh/rdf/<br>]]>
            </line>
            <line>
              <![CDATA[https://www.nlm.nih.gov/mesh/: IOException Read timed out<br>]]>
            </line>
            <line>
              <![CDATA[<a href='../failed-screenshots/error Firefox gov.nih.nlm.lode.tests.BasicsTest.testExplorerPage 2019-03-19 15-37-09.png'>Open the screenshot</a>]]>
            </line>
          </reporter-output>
        </test-method> <!-- testExplorerPage -->
        <test-method signature="testHomePage()[pri:0, instance:gov.nih.nlm.lode.tests.BasicsTest@7dcf94f8]" started-at="2019-03-19T15:37:09Z" name="testHomePage" test-instance-name="Firefox" finished-at="2019-03-19T15:37:11Z" duration-ms="2441" status="PASS">
          <reporter-output>
            <line>
              <![CDATA[<b>warning:</b> cannot check ftp://ftp.nlm.nih.gov/online/mesh/rdf/<br>]]>
            </line>
          </reporter-output>
        </test-method> <!-- testHomePage -->
        <test-method signature="testQueryPage()[pri:0, instance:gov.nih.nlm.lode.tests.BasicsTest@7dcf94f8]" started-at="2019-03-19T15:37:11Z" name="testQueryPage" test-instance-name="Firefox" finished-at="2019-03-19T15:37:13Z" duration-ms="1193" status="PASS">
          <reporter-output>
            <line>
              <![CDATA[<b>warning:</b> cannot check ftp://ftp.nlm.nih.gov/online/mesh/rdf/<br>]]>
            </line>
          </reporter-output>
        </test-method> <!-- testQueryPage -->
        <test-method signature="testVocabularyOwl()[pri:0, instance:gov.nih.nlm.lode.tests.BasicsTest@7dcf94f8]" started-at="2019-03-19T15:37:13Z" name="testVocabularyOwl" test-instance-name="Firefox" finished-at="2019-03-19T15:37:13Z" duration-ms="32" status="PASS">
          <reporter-output>
          </reporter-output>
        </test-method> <!-- testVocabularyOwl -->
        <test-method signature="testVocabularyRedirect()[pri:0, instance:gov.nih.nlm.lode.tests.BasicsTest@7dcf94f8]" started-at="2019-03-19T15:37:13Z" name="testVocabularyRedirect" test-instance-name="Firefox" finished-at="2019-03-19T15:37:13Z" duration-ms="47" status="PASS">
          <reporter-output>
          </reporter-output>
        </test-method> <!-- testVocabularyRedirect -->
        <test-method signature="testVocabularyTurtle()[pri:0, instance:gov.nih.nlm.lode.tests.BasicsTest@7dcf94f8]" started-at="2019-03-19T15:37:13Z" name="testVocabularyTurtle" test-instance-name="Firefox" finished-at="2019-03-19T15:37:13Z" duration-ms="31" status="PASS">
          <reporter-output>
          </reporter-output>
        </test-method> <!-- testVocabularyTurtle -->
        <test-method signature="testVoidRedirect()[pri:0, instance:gov.nih.nlm.lode.tests.BasicsTest@7dcf94f8]" started-at="2019-03-19T15:37:13Z" name="testVoidRedirect" test-instance-name="Firefox" finished-at="2019-03-19T15:37:13Z" duration-ms="62" status="PASS">
          <reporter-output>
          </reporter-output>
        </test-method> <!-- testVoidRedirect -->
        <test-method signature="testVoidTurtle()[pri:0, instance:gov.nih.nlm.lode.tests.BasicsTest@7dcf94f8]" started-at="2019-03-19T15:37:13Z" name="testVoidTurtle" test-instance-name="Firefox" finished-at="2019-03-19T15:37:13Z" duration-ms="31" status="PASS">
          <reporter-output>
          </reporter-output>
        </test-method> <!-- testVoidTurtle -->
        <test-method is-config="true" signature="tearDown()[pri:0, instance:gov.nih.nlm.lode.tests.BasicsTest@7dcf94f8]" started-at="2019-03-19T15:37:13Z" name="tearDown" test-instance-name="Firefox" finished-at="2019-03-19T15:37:14Z" duration-ms="1331" status="PASS">
          <reporter-output>
          </reporter-output>
        </test-method> <!-- tearDown -->
        <test-method is-config="true" signature="globalTearDown()[pri:0, instance:gov.nih.nlm.lode.tests.BasicsTest@7dcf94f8]" started-at="2019-03-19T15:38:49Z" name="globalTearDown" test-instance-name="Firefox" finished-at="2019-03-19T15:38:49Z" duration-ms="0" status="PASS">
          <reporter-output>
          </reporter-output>
        </test-method> <!-- globalTearDown -->
      </class> <!-- gov.nih.nlm.lode.tests.BasicsTest -->
      <class name="gov.nih.nlm.lode.tests.QueryTest">
        <test-method is-config="true" signature="setUpPastYear()[pri:0, instance:gov.nih.nlm.lode.tests.QueryTest@ba2f4ec]" started-at="2019-03-19T15:36:44Z" name="setUpPastYear" test-instance-name="Firefox" finished-at="2019-03-19T15:36:44Z" duration-ms="16" status="PASS">
          <reporter-output>
          </reporter-output>
        </test-method> <!-- setUpPastYear -->
        <test-method is-config="true" signature="setUp()[pri:0, instance:gov.nih.nlm.lode.tests.QueryTest@ba2f4ec]" started-at="2019-03-19T15:37:52Z" name="setUp" test-instance-name="Firefox" finished-at="2019-03-19T15:37:55Z" duration-ms="3392" status="PASS">
          <reporter-output>
          </reporter-output>
        </test-method> <!-- setUp -->
        <test-method signature="testDefaults()[pri:0, instance:gov.nih.nlm.lode.tests.QueryTest@ba2f4ec]" started-at="2019-03-19T15:37:55Z" name="testDefaults" test-instance-name="Firefox" finished-at="2019-03-19T15:37:59Z" duration-ms="4004" status="PASS">
          <reporter-output>
          </reporter-output>
        </test-method> <!-- testDefaults -->
        <test-method signature="testExample0()[pri:0, instance:gov.nih.nlm.lode.tests.QueryTest@ba2f4ec]" started-at="2019-03-19T15:38:00Z" name="testExample0" test-instance-name="Firefox" finished-at="2019-03-19T15:38:03Z" depends-on-methods="gov.nih.nlm.lode.tests.QueryTest.testDefaults" duration-ms="3176" status="PASS">
          <reporter-output>
          </reporter-output>
        </test-method> <!-- testExample0 -->
        <test-method signature="testExample1()[pri:0, instance:gov.nih.nlm.lode.tests.QueryTest@ba2f4ec]" started-at="2019-03-19T15:38:03Z" name="testExample1" test-instance-name="Firefox" finished-at="2019-03-19T15:38:08Z" depends-on-methods="gov.nih.nlm.lode.tests.QueryTest.testDefaults" duration-ms="4717" status="PASS">
          <reporter-output>
          </reporter-output>
        </test-method> <!-- testExample1 -->
        <test-method signature="testExample2()[pri:0, instance:gov.nih.nlm.lode.tests.QueryTest@ba2f4ec]" started-at="2019-03-19T15:38:08Z" name="testExample2" test-instance-name="Firefox" finished-at="2019-03-19T15:38:10Z" depends-on-methods="gov.nih.nlm.lode.tests.QueryTest.testDefaults" duration-ms="2061" status="PASS">
          <reporter-output>
          </reporter-output>
        </test-method> <!-- testExample2 -->
        <test-method signature="testExample3withPastYear()[pri:0, instance:gov.nih.nlm.lode.tests.QueryTest@ba2f4ec]" started-at="2019-03-19T15:38:10Z" name="testExample3withPastYear" test-instance-name="Firefox" finished-at="2019-03-19T15:38:17Z" depends-on-methods="gov.nih.nlm.lode.tests.QueryTest.testDefaults" duration-ms="7725" status="PASS">
          <reporter-output>
          </reporter-output>
        </test-method> <!-- testExample3withPastYear -->
        <test-method signature="testExample4()[pri:0, instance:gov.nih.nlm.lode.tests.QueryTest@ba2f4ec]" started-at="2019-03-19T15:38:17Z" name="testExample4" test-instance-name="Firefox" finished-at="2019-03-19T15:38:29Z" depends-on-methods="gov.nih.nlm.lode.tests.QueryTest.testDefaults" duration-ms="11166" status="PASS">
          <reporter-output>
          </reporter-output>
        </test-method> <!-- testExample4 -->
        <test-method signature="testLimitRows()[pri:0, instance:gov.nih.nlm.lode.tests.QueryTest@ba2f4ec]" started-at="2019-03-19T15:38:29Z" name="testLimitRows" test-instance-name="Firefox" finished-at="2019-03-19T15:38:33Z" depends-on-methods="gov.nih.nlm.lode.tests.QueryTest.testExample3withPastYear" duration-ms="3892" status="PASS">
          <reporter-output>
          </reporter-output>
        </test-method> <!-- testLimitRows -->
        <test-method signature="testPagination()[pri:0, instance:gov.nih.nlm.lode.tests.QueryTest@ba2f4ec]" started-at="2019-03-19T15:38:33Z" name="testPagination" test-instance-name="Firefox" finished-at="2019-03-19T15:38:43Z" depends-on-methods="gov.nih.nlm.lode.tests.QueryTest.testExample3withPastYear" duration-ms="10287" status="PASS">
          <reporter-output>
          </reporter-output>
        </test-method> <!-- testPagination -->
        <test-method is-config="true" signature="tearDown()[pri:0, instance:gov.nih.nlm.lode.tests.QueryTest@ba2f4ec]" started-at="2019-03-19T15:38:43Z" name="tearDown" test-instance-name="Firefox" finished-at="2019-03-19T15:38:44Z" duration-ms="1250" status="PASS">
          <reporter-output>
          </reporter-output>
        </test-method> <!-- tearDown -->
      </class> <!-- gov.nih.nlm.lode.tests.QueryTest -->
      <class name="gov.nih.nlm.lode.tests.ServiceDescriptionTest">
        <test-method is-config="true" signature="setUp()[pri:0, instance:gov.nih.nlm.lode.tests.ServiceDescriptionTest@1c1bbc4e]" started-at="2019-03-19T15:38:44Z" name="setUp" test-instance-name="Firefox" finished-at="2019-03-19T15:38:47Z" duration-ms="2925" status="PASS">
          <reporter-output>
          </reporter-output>
        </test-method> <!-- setUp -->
        <test-method signature="testDefaultServiceDescription()[pri:0, instance:gov.nih.nlm.lode.tests.ServiceDescriptionTest@1c1bbc4e]" started-at="2019-03-19T15:38:47Z" name="testDefaultServiceDescription" test-instance-name="Firefox" finished-at="2019-03-19T15:38:47Z" duration-ms="297" status="PASS">
          <reporter-output>
          </reporter-output>
        </test-method> <!-- testDefaultServiceDescription -->
        <test-method signature="testJSONLDServiceDescription()[pri:0, instance:gov.nih.nlm.lode.tests.ServiceDescriptionTest@1c1bbc4e]" started-at="2019-03-19T15:38:47Z" name="testJSONLDServiceDescription" test-instance-name="Firefox" finished-at="2019-03-19T15:38:48Z" duration-ms="296" status="PASS">
          <reporter-output>
          </reporter-output>
        </test-method> <!-- testJSONLDServiceDescription -->
        <test-method signature="testServiceDescriptionByFormat()[pri:0, instance:gov.nih.nlm.lode.tests.ServiceDescriptionTest@1c1bbc4e]" started-at="2019-03-19T15:38:48Z" name="testServiceDescriptionByFormat" test-instance-name="Firefox" finished-at="2019-03-19T15:38:48Z" duration-ms="63" status="PASS">
          <reporter-output>
          </reporter-output>
        </test-method> <!-- testServiceDescriptionByFormat -->
        <test-method signature="testTurtleServiceDescription()[pri:0, instance:gov.nih.nlm.lode.tests.ServiceDescriptionTest@1c1bbc4e]" started-at="2019-03-19T15:38:48Z" name="testTurtleServiceDescription" test-instance-name="Firefox" finished-at="2019-03-19T15:38:48Z" duration-ms="31" status="PASS">
          <reporter-output>
          </reporter-output>
        </test-method> <!-- testTurtleServiceDescription -->
        <test-method is-config="true" signature="tearDown()[pri:0, instance:gov.nih.nlm.lode.tests.ServiceDescriptionTest@1c1bbc4e]" started-at="2019-03-19T15:38:48Z" name="tearDown" test-instance-name="Firefox" finished-at="2019-03-19T15:38:49Z" duration-ms="1063" status="PASS">
          <reporter-output>
          </reporter-output>
        </test-method> <!-- tearDown -->
      </class> <!-- gov.nih.nlm.lode.tests.ServiceDescriptionTest -->
    </test> <!-- Surefire test -->
  </suite> <!-- Surefire suite -->
</testng-results>
