<?xml version="1.0" encoding="UTF-8"?>
<!-- Generated by org.testng.reporters.JUnitXMLReporter -->
<testsuite hostname="NLM01890936OCCS" failures="1" tests="33" name="Surefire test" time="124.789" errors="0" timestamp="19 Mar 2019 19:38:49 GMT">
  <testcase classname="gov.nih.nlm.lode.tests.BasicsTest" name="Firefox" time="20.584">
    <failure type="java.lang.AssertionError" message="one or more bad links, last bad link https://www.nlm.nih.gov/mesh/">
      <![CDATA[java.lang.AssertionError: one or more bad links, last bad link https://www.nlm.nih.gov/mesh/
	at gov.nih.nlm.lode.tests.LinkChecker.shouldBeValid(LinkChecker.java:256)
	at gov.nih.nlm.lode.tests.LodeBaseTest.shouldBeValidLinks(LodeBaseTest.java:97)
	at gov.nih.nlm.lode.tests.BasicsTest.testExplorerPage(BasicsTest.java:37)
... Removed 30 stack frames]]>
    </failure>
  </testcase> <!-- Firefox -->
  <testcase classname="gov.nih.nlm.lode.tests.BasicsTest" name="Firefox" time="2.441"/>
  <testcase classname="gov.nih.nlm.lode.tests.BasicsTest" name="Firefox" time="1.193"/>
  <testcase classname="gov.nih.nlm.lode.tests.BasicsTest" name="Firefox" time="0.032"/>
  <testcase classname="gov.nih.nlm.lode.tests.BasicsTest" name="Firefox" time="0.047"/>
  <testcase classname="gov.nih.nlm.lode.tests.BasicsTest" name="Firefox" time="0.031"/>
  <testcase classname="gov.nih.nlm.lode.tests.BasicsTest" name="Firefox" time="0.062"/>
  <testcase classname="gov.nih.nlm.lode.tests.BasicsTest" name="Firefox" time="0.031"/>
  <testcase classname="gov.nih.nlm.lode.tests.PagelinksTest" name="Firefox" time="7.788"/>
  <testcase classname="gov.nih.nlm.lode.tests.PagelinksTest" name="Firefox" time="4.723"/>
  <testcase classname="gov.nih.nlm.lode.tests.PagelinksTest" name="Firefox" time="2.281"/>
  <testcase classname="gov.nih.nlm.lode.tests.PagelinksTest" name="Firefox" time="0.328"/>
  <testcase classname="gov.nih.nlm.lode.tests.PagelinksTest" name="Firefox" time="15.376"/>
  <testcase classname="gov.nih.nlm.lode.tests.PagelinksTest" name="Firefox" time="0.428"/>
  <testcase classname="gov.nih.nlm.lode.tests.PagelinksTest" name="Firefox" time="2.332"/>
  <testcase classname="gov.nih.nlm.lode.tests.QueryTest" name="Firefox" time="4.004"/>
  <testcase classname="gov.nih.nlm.lode.tests.LinkCheckerTest" name="" time="0.062"/>
  <testcase classname="gov.nih.nlm.lode.tests.LinkCheckerTest" name="" time="0.032"/>
  <testcase classname="gov.nih.nlm.lode.tests.LinkCheckerTest" name="" time="0.015"/>
  <testcase classname="gov.nih.nlm.lode.tests.LinkCheckerTest" name="" time="0.032"/>
  <testcase classname="gov.nih.nlm.lode.tests.LinkCheckerTest" name="" time="0.093"/>
  <testcase classname="gov.nih.nlm.lode.tests.LinkCheckerTest" name="" time="0.0"/>
  <testcase classname="gov.nih.nlm.lode.tests.QueryTest" name="Firefox" time="3.176"/>
  <testcase classname="gov.nih.nlm.lode.tests.QueryTest" name="Firefox" time="4.717"/>
  <testcase classname="gov.nih.nlm.lode.tests.QueryTest" name="Firefox" time="2.061"/>
  <testcase classname="gov.nih.nlm.lode.tests.QueryTest" name="Firefox" time="7.725"/>
  <testcase classname="gov.nih.nlm.lode.tests.QueryTest" name="Firefox" time="11.166"/>
  <testcase classname="gov.nih.nlm.lode.tests.QueryTest" name="Firefox" time="3.892"/>
  <testcase classname="gov.nih.nlm.lode.tests.QueryTest" name="Firefox" time="10.287"/>
  <testcase classname="gov.nih.nlm.lode.tests.ServiceDescriptionTest" name="Firefox" time="0.297"/>
  <testcase classname="gov.nih.nlm.lode.tests.ServiceDescriptionTest" name="Firefox" time="0.296"/>
  <testcase classname="gov.nih.nlm.lode.tests.ServiceDescriptionTest" name="Firefox" time="0.063"/>
  <testcase classname="gov.nih.nlm.lode.tests.ServiceDescriptionTest" name="Firefox" time="0.031"/>
</testsuite> <!-- Surefire test -->
